2014-07-30 00:22:48.422/2.073 Oracle Coherence 12.1.3.0.0 <Info> (thread=main, member=n/a): Loaded operational configuration from "jar:file:/C:/Oracle/OMiddleware/Oracle_Home/coherence/lib/coherence.jar!/tangosol-coherence.xml"
2014-07-30 00:22:48.530/2.181 Oracle Coherence 12.1.3.0.0 <Info> (thread=main, member=n/a): Loaded operational overrides from "jar:file:/C:/Oracle/OMiddleware/Oracle_Home/coherence/lib/coherence.jar!/tangosol-coherence-override-dev.xml"
2014-07-30 00:22:48.532/2.183 Oracle Coherence 12.1.3.0.0 <D5> (thread=main, member=n/a): Optional configuration override "/tangosol-coherence-override.xml" is not specified
2014-07-30 00:22:48.536/2.187 Oracle Coherence 12.1.3.0.0 <D5> (thread=main, member=n/a): Optional configuration override "cache-factory-config.xml" is not specified
2014-07-30 00:22:48.538/2.189 Oracle Coherence 12.1.3.0.0 <D5> (thread=main, member=n/a): Optional configuration override "cache-factory-builder-config.xml" is not specified
2014-07-30 00:22:48.540/2.191 Oracle Coherence 12.1.3.0.0 <D5> (thread=main, member=n/a): Optional configuration override "/custom-mbeans.xml" is not specified

Oracle Coherence Version 12.1.3.0.0 Build 52031
 Grid Edition: Development mode
Copyright (c) 2000, 2014, Oracle and/or its affiliates. All rights reserved.

2014-07-30 00:22:48.666/2.317 Oracle Coherence GE 12.1.3.0.0 <Info> (thread=main, member=n/a): Created cache factory com.tangosol.net.DefaultConfigurableCacheFactory
Jul 30, 2014 12:22:49 AM oracle.fabric.common.wsdl.SchemaManager isIncrementalBuildSupported
INFO: XMLSchema incremental build enabled.
Schema validation failed with exception "Invalid element 'element' in 'all'"
oracle.xml.parser.schema.XSDException: Invalid element 'element' in 'all'
	at oracle.xml.parser.schema.XSDBuilder.buildSchema(XSDBuilder.java:1124)
	at oracle.xml.parser.schema.XSDBuilder.build(XSDBuilder.java:630)
	at oracle.soa.scac.ValidationFaultUtil.validateSourceWithSchema(ValidationFaultUtil.java:182)
	at oracle.soa.scac.ValidationFaultUtil.validateWithSchema(ValidationFaultUtil.java:241)
	at oracle.soa.scac.ValidationFaultUtil.validateWithSchema(ValidationFaultUtil.java:225)
	at oracle.soa.scac.ValidateComposite.validateFaultPolicy(ValidateComposite.java:1305)
	at oracle.soa.scac.ValidateComposite.doValidation0(ValidateComposite.java:528)
	at oracle.soa.scac.ValidateComposite.doValidation(ValidateComposite.java:501)
	at oracle.soa.scac.ValidateComposite.run0(ValidateComposite.java:219)
	at oracle.soa.scac.ValidateComposite.run(ValidateComposite.java:200)
	at oracle.soa.scac.ValidateComposite.main(ValidateComposite.java:192)
